2021-07-14 17:02:30.503  INFO 11564 --- [main] c.s.springbatch.SpringbatchApplication   : Starting SpringbatchApplication on SHI58495EU1172F with PID 11564 (C:\Users\kreddy0\Desktop\New folder\springbatch\target\classes started by kreddy0 in C:\Users\kreddy0\Desktop\New folder\springbatch)
2021-07-14 17:02:30.508 DEBUG 11564 --- [main] c.s.springbatch.SpringbatchApplication   : Running with Spring Boot v2.3.12.RELEASE, Spring v5.2.15.RELEASE
2021-07-14 17:02:30.509  INFO 11564 --- [main] c.s.springbatch.SpringbatchApplication   : No active profile set, falling back to default profiles: default
2021-07-14 17:02:32.253  INFO 11564 --- [main] o.s.b.w.embedded.tomcat.TomcatWebServer  : Tomcat initialized with port(s): 8080 (http)
2021-07-14 17:02:32.266  INFO 11564 --- [main] o.apache.catalina.core.StandardService   : Starting service [Tomcat]
2021-07-14 17:02:32.267  INFO 11564 --- [main] org.apache.catalina.core.StandardEngine  : Starting Servlet engine: [Apache Tomcat/9.0.46]
2021-07-14 17:02:32.390  INFO 11564 --- [main] o.a.c.c.C.[Tomcat].[localhost].[/]       : Initializing Spring embedded WebApplicationContext
2021-07-14 17:02:32.390  INFO 11564 --- [main] w.s.c.ServletWebServerApplicationContext : Root WebApplicationContext: initialization completed in 1766 ms
2021-07-14 17:02:33.103  INFO 11564 --- [main] o.s.s.concurrent.ThreadPoolTaskExecutor  : Initializing ExecutorService 'applicationTaskExecutor'
2021-07-14 17:02:33.326  INFO 11564 --- [main] com.zaxxer.hikari.HikariDataSource       : HikariPool-1 - Starting...
2021-07-14 17:02:39.133  INFO 11564 --- [main] com.zaxxer.hikari.HikariDataSource       : HikariPool-1 - Start completed.
2021-07-14 17:02:39.168  INFO 11564 --- [main] o.s.b.c.r.s.JobRepositoryFactoryBean     : No database type set, using meta data indicating: MYSQL
2021-07-14 17:02:39.201  INFO 11564 --- [main] o.s.b.c.l.support.SimpleJobLauncher      : No TaskExecutor has been set, defaulting to synchronous executor.
2021-07-14 17:02:39.333  INFO 11564 --- [main] o.s.b.w.embedded.tomcat.TomcatWebServer  : Tomcat started on port(s): 8080 (http) with context path ''
2021-07-14 17:02:39.349  INFO 11564 --- [main] c.s.springbatch.SpringbatchApplication   : Started SpringbatchApplication in 9.362 seconds (JVM running for 10.422)
2021-07-14 17:02:45.563  INFO 11564 --- [http-nio-8080-exec-1] o.a.c.c.C.[Tomcat].[localhost].[/]       : Initializing Spring DispatcherServlet 'dispatcherServlet'
2021-07-14 17:02:45.564  INFO 11564 --- [http-nio-8080-exec-1] o.s.web.servlet.DispatcherServlet        : Initializing Servlet 'dispatcherServlet'
2021-07-14 17:02:45.573  INFO 11564 --- [http-nio-8080-exec-1] o.s.web.servlet.DispatcherServlet        : Completed initialization in 9 ms
2021-07-14 17:02:55.206  INFO 11564 --- [http-nio-8080-exec-1] o.s.b.c.l.support.SimpleJobLauncher      : Job: [SimpleJob: [name=importUserJob]] launched with the following parameters: [{time=1626262365608}]
2021-07-14 17:03:03.429  INFO 11564 --- [http-nio-8080-exec-1] o.s.batch.core.job.SimpleStepHandler     : Executing step: [step1]
2021-07-14 17:03:06.531 ERROR 11564 --- [http-nio-8080-exec-1] c.s.s.processor.CustomerProcessor        : Phone number must be 10 digits
2021-07-14 17:03:07.018 DEBUG 11564 --- [http-nio-8080-exec-3] c.s.s.mapper.CustomMapper.addCustomer    : ==>  Preparing: insert into customer(last_name,first_name,phone,email,title,designation) values(?,?,?,?,?,?)
2021-07-14 17:03:07.057 DEBUG 11564 --- [http-nio-8080-exec-3] c.s.s.mapper.CustomMapper.addCustomer    : ==> Parameters: Dodge(String), John(String), 5558899865(String), jdodge@example.com(String), Mr.(String), SVP of Sales(String)
2021-07-14 17:03:07.659 DEBUG 11564 --- [http-nio-8080-exec-3] c.s.s.mapper.CustomMapper.addCustomer    : <==    Updates: 1
2021-07-14 17:03:07.742  INFO 11564 --- [http-nio-8080-exec-1] c.shi.springbatch.controller.RestClient  : restclient ...Customer [phone=5558899865, last_name=Dodge, first_name=John, title=Mr., email=jdodge@example.com, designation=SVP of Sales]
2021-07-14 17:03:08.048 DEBUG 11564 --- [http-nio-8080-exec-2] c.s.s.mapper.CustomMapper.addCustomer    : ==>  Preparing: insert into customer(last_name,first_name,phone,email,title,designation) values(?,?,?,?,?,?)
2021-07-14 17:03:08.052 DEBUG 11564 --- [http-nio-8080-exec-2] c.s.s.mapper.CustomMapper.addCustomer    : ==> Parameters: Smith(String), Samantha(String), 5553398208(String), ssnith@example.com(String), Ms.(String), Senior Sales Rep(String)
2021-07-14 17:03:08.647 DEBUG 11564 --- [http-nio-8080-exec-2] c.s.s.mapper.CustomMapper.addCustomer    : <==    Updates: 1
2021-07-14 17:03:08.653  INFO 11564 --- [http-nio-8080-exec-1] c.shi.springbatch.controller.RestClient  : restclient ...Customer [phone=5553398208, last_name=Smith, first_name=Samantha, title=Ms., email=ssnith@example.com, designation=Senior Sales Rep]
2021-07-14 17:03:08.969 DEBUG 11564 --- [http-nio-8080-exec-4] c.s.s.mapper.CustomMapper.addCustomer    : ==>  Preparing: insert into customer(last_name,first_name,phone,email,title,designation) values(?,?,?,?,?,?)
2021-07-14 17:03:08.975 DEBUG 11564 --- [http-nio-8080-exec-4] c.s.s.mapper.CustomMapper.addCustomer    : ==> Parameters: Dapper(String), George(String), 5559924600(String), gdapper@example.com(String), Dr.(String), Director of Healthcare(String)
2021-07-14 17:03:09.576 DEBUG 11564 --- [http-nio-8080-exec-4] c.s.s.mapper.CustomMapper.addCustomer    : <==    Updates: 1
2021-07-14 17:03:09.599  INFO 11564 --- [http-nio-8080-exec-1] c.shi.springbatch.controller.RestClient  : restclient ...Customer [phone=5559924600, last_name=Dapper, first_name=George, title=Dr., email=gdapper@example.com, designation=Director of Healthcare]
2021-07-14 17:03:09.915 DEBUG 11564 --- [http-nio-8080-exec-7] c.s.s.mapper.CustomMapper.addCustomer    : ==>  Preparing: insert into customer(last_name,first_name,phone,email,title,designation) values(?,?,?,?,?,?)
2021-07-14 17:03:09.916 DEBUG 11564 --- [http-nio-8080-exec-7] c.s.s.mapper.CustomMapper.addCustomer    : ==> Parameters: Dodge(String), Jack(String), 5558880088(String), jdodge2@example.com(String), Mr.(String), EVP of Sales(String)
2021-07-14 17:03:10.505 DEBUG 11564 --- [http-nio-8080-exec-7] c.s.s.mapper.CustomMapper.addCustomer    : <==    Updates: 1
2021-07-14 17:03:10.512  INFO 11564 --- [http-nio-8080-exec-1] c.shi.springbatch.controller.RestClient  : restclient ...Customer [phone=5558880088, last_name=Dodge, first_name=Jack, title=Mr., email=jdodge2@example.com, designation=EVP of Sales]
2021-07-14 17:03:10.816 DEBUG 11564 --- [http-nio-8080-exec-6] c.s.s.mapper.CustomMapper.addCustomer    : ==>  Preparing: insert into customer(last_name,first_name,phone,email,title,designation) values(?,?,?,?,?,?)
2021-07-14 17:03:10.819 DEBUG 11564 --- [http-nio-8080-exec-6] c.s.s.mapper.CustomMapper.addCustomer    : ==> Parameters: Jones(String), Jessica(String), 5559998823(String), jjones@example.com(String), Mrs.(String), Senior Sales Rep(String)
2021-07-14 17:03:11.407 DEBUG 11564 --- [http-nio-8080-exec-6] c.s.s.mapper.CustomMapper.addCustomer    : <==    Updates: 1
2021-07-14 17:03:11.415  INFO 11564 --- [http-nio-8080-exec-1] c.shi.springbatch.controller.RestClient  : restclient ...Customer [phone=5559998823, last_name=Jones, first_name=Jessica, title=Mrs., email=jjones@example.com, designation=Senior Sales Rep]
2021-07-14 17:03:11.735 DEBUG 11564 --- [http-nio-8080-exec-5] c.s.s.mapper.CustomMapper.addCustomer    : ==>  Preparing: insert into customer(last_name,first_name,phone,email,title,designation) values(?,?,?,?,?,?)
2021-07-14 17:03:11.740 DEBUG 11564 --- [http-nio-8080-exec-5] c.s.s.mapper.CustomMapper.addCustomer    : ==> Parameters: Lukaku(String), Romelu(String), 5558888888(String), rlukaku@example.com(String), Mr.(String), Janitor(String)
2021-07-14 17:03:12.338 DEBUG 11564 --- [http-nio-8080-exec-5] c.s.s.mapper.CustomMapper.addCustomer    : <==    Updates: 1
2021-07-14 17:03:12.362  INFO 11564 --- [http-nio-8080-exec-1] c.shi.springbatch.controller.RestClient  : restclient ...Customer [phone=5558888888, last_name=Lukaku, first_name=Romelu, title=Mr., email=rlukaku@example.com, designation=Janitor]
2021-07-14 17:03:12.666 DEBUG 11564 --- [http-nio-8080-exec-8] c.s.s.mapper.CustomMapper.addCustomer    : ==>  Preparing: insert into customer(last_name,first_name,phone,email,title,designation) values(?,?,?,?,?,?)
2021-07-14 17:03:12.670 DEBUG 11564 --- [http-nio-8080-exec-8] c.s.s.mapper.CustomMapper.addCustomer    : ==> Parameters: Smith(String), Sarah(String), 5559998888(String), ssmith@example.com(String), Ms.(String), Sales Rep(String)
2021-07-14 17:03:13.275 DEBUG 11564 --- [http-nio-8080-exec-8] c.s.s.mapper.CustomMapper.addCustomer    : <==    Updates: 1
2021-07-14 17:03:13.287  INFO 11564 --- [http-nio-8080-exec-1] c.shi.springbatch.controller.RestClient  : restclient ...Customer [phone=5559998888, last_name=Smith, first_name=Sarah, title=Ms., email=ssmith@example.com, designation=Sales Rep]
2021-07-14 17:03:13.594 DEBUG 11564 --- [http-nio-8080-exec-9] c.s.s.mapper.CustomMapper.addCustomer    : ==>  Preparing: insert into customer(last_name,first_name,phone,email,title,designation) values(?,?,?,?,?,?)
2021-07-14 17:03:13.597 DEBUG 11564 --- [http-nio-8080-exec-9] c.s.s.mapper.CustomMapper.addCustomer    : ==> Parameters: Ferrigno(String), Lou(String), 5552348888(String), louferr@example.com(String), Mr.(String), Sales Rep(String)
2021-07-14 17:03:14.175 DEBUG 11564 --- [http-nio-8080-exec-9] c.s.s.mapper.CustomMapper.addCustomer    : <==    Updates: 1
2021-07-14 17:03:14.195  INFO 11564 --- [http-nio-8080-exec-1] c.shi.springbatch.controller.RestClient  : restclient ...Customer [phone=5552348888, last_name=Ferrigno, first_name=Lou, title=Mr., email=louferr@example.com, designation=Sales Rep]
2021-07-14 17:03:14.504 DEBUG 11564 --- [http-nio-8080-exec-10] c.s.s.mapper.CustomMapper.addCustomer    : ==>  Preparing: insert into customer(last_name,first_name,phone,email,title,designation) values(?,?,?,?,?,?)
2021-07-14 17:03:14.509 DEBUG 11564 --- [http-nio-8080-exec-10] c.s.s.mapper.CustomMapper.addCustomer    : ==> Parameters: Ruffalo(String), Mark(String), 0009922188(String), ruffmark21@example.com(String), Mr.(String), Manager(String)
2021-07-14 17:03:15.104 DEBUG 11564 --- [http-nio-8080-exec-10] c.s.s.mapper.CustomMapper.addCustomer    : <==    Updates: 1
2021-07-14 17:03:15.110  INFO 11564 --- [http-nio-8080-exec-1] c.shi.springbatch.controller.RestClient  : restclient ...Customer [phone=0009922188, last_name=Ruffalo, first_name=Mark, title=Mr., email=ruffmark21@example.com, designation=Manager]
2021-07-14 17:03:17.775  INFO 11564 --- [http-nio-8080-exec-1] o.s.batch.core.step.AbstractStep         : Step: [step1] executed in 14s343ms
2021-07-14 17:03:26.680  INFO 11564 --- [http-nio-8080-exec-1] o.s.batch.core.job.SimpleStepHandler     : Executing step: [step2]
2021-07-14 17:03:30.078 DEBUG 11564 --- [http-nio-8080-exec-3] c.s.s.mapper.CustomMapper.addAddress     : ==>  Preparing: insert into address(customerPhone,addressType,addressLine1,addressLine2,city,stateCode,zipcode,zipplus4,addressType2,addressLine12,addressLine22,city2,stateCode2,zipcode2,zipplus42) values(?,?,?,?,?,?,?,?,?,?,?,?,?,?,?)
2021-07-14 17:03:30.081 DEBUG 11564 --- [http-nio-8080-exec-3] c.s.s.mapper.CustomMapper.addAddress     : ==> Parameters: 5558899865(String), B(String), A102 Bluebell Dr(String), (String), Danbury(String), CT(String), 7067(Integer), 0004(String), S(String), P.O. Box #507(String), (String), Danbury(String), CT(String), 7067(Integer), 0004(String)
2021-07-14 17:03:30.679 DEBUG 11564 --- [http-nio-8080-exec-3] c.s.s.mapper.CustomMapper.addAddress     : <==    Updates: 1
2021-07-14 17:03:30.703  INFO 11564 --- [http-nio-8080-exec-1] c.shi.springbatch.controller.RestClient  : restclient ...Address [customerPhone=5558899865, addressType=B, addressLine1=A102 Bluebell Dr, addressLine2=, city=Danbury, stateCode=CT, zipcode=7067, zipplus4=0004, addressType2=S, addressLine12=P.O. Box #507, addressLine22=, city2=Danbury, stateCode2=CT, zipcode2=7067, zipplus42=0004]
2021-07-14 17:03:31.018 DEBUG 11564 --- [http-nio-8080-exec-2] c.s.s.mapper.CustomMapper.addAddress     : ==>  Preparing: insert into address(customerPhone,addressType,addressLine1,addressLine2,city,stateCode,zipcode,zipplus4,addressType2,addressLine12,addressLine22,city2,stateCode2,zipcode2,zipplus42) values(?,?,?,?,?,?,?,?,?,?,?,?,?,?,?)
2021-07-14 17:03:31.024 DEBUG 11564 --- [http-nio-8080-exec-2] c.s.s.mapper.CustomMapper.addAddress     : ==> Parameters: 5558880088(String), S(String), 15 Avenues Mall(String), (String), Jacksonville(String), FL(String), 32256(Integer), (String), (String), (String), (String), (String), (String), null, (String)
2021-07-14 17:03:31.618 DEBUG 11564 --- [http-nio-8080-exec-2] c.s.s.mapper.CustomMapper.addAddress     : <==    Updates: 1
2021-07-14 17:03:31.627  INFO 11564 --- [http-nio-8080-exec-1] c.shi.springbatch.controller.RestClient  : restclient ...Address [customerPhone=5558880088, addressType=S, addressLine1=15 Avenues Mall, addressLine2=, city=Jacksonville, stateCode=FL, zipcode=32256, zipplus4=, addressType2=, addressLine12=, addressLine22=, city2=, stateCode2=, zipcode2=null, zipplus42=]
2021-07-14 17:03:31.941 DEBUG 11564 --- [http-nio-8080-exec-4] c.s.s.mapper.CustomMapper.addAddress     : ==>  Preparing: insert into address(customerPhone,addressType,addressLine1,addressLine2,city,stateCode,zipcode,zipplus4,addressType2,addressLine12,addressLine22,city2,stateCode2,zipcode2,zipplus42) values(?,?,?,?,?,?,?,?,?,?,?,?,?,?,?)
2021-07-14 17:03:31.946 DEBUG 11564 --- [http-nio-8080-exec-4] c.s.s.mapper.CustomMapper.addAddress     : ==> Parameters: 5552348888(String), B(String), 206 Harlem(String), (String), New York(String), NY(String), 8997(Integer), (String), S(String), 23 Church Dr(String), (String), South Park(String), CO(String), 77654(Integer), (String)
2021-07-14 17:03:32.537 DEBUG 11564 --- [http-nio-8080-exec-4] c.s.s.mapper.CustomMapper.addAddress     : <==    Updates: 1
2021-07-14 17:03:32.544  INFO 11564 --- [http-nio-8080-exec-1] c.shi.springbatch.controller.RestClient  : restclient ...Address [customerPhone=5552348888, addressType=B, addressLine1=206 Harlem, addressLine2=, city=New York, stateCode=NY, zipcode=8997, zipplus4=, addressType2=S, addressLine12=23 Church Dr, addressLine22=, city2=South Park, stateCode2=CO, zipcode2=77654, zipplus42=]
2021-07-14 17:03:32.853 DEBUG 11564 --- [http-nio-8080-exec-7] c.s.s.mapper.CustomMapper.addAddress     : ==>  Preparing: insert into address(customerPhone,addressType,addressLine1,addressLine2,city,stateCode,zipcode,zipplus4,addressType2,addressLine12,addressLine22,city2,stateCode2,zipcode2,zipplus42) values(?,?,?,?,?,?,?,?,?,?,?,?,?,?,?)
2021-07-14 17:03:32.864 DEBUG 11564 --- [http-nio-8080-exec-7] c.s.s.mapper.CustomMapper.addAddress     : ==> Parameters: 5559998888(String), S(String), 11 Main Road(String), (String), Danbury(String), CT(String), 7067(Integer), 0354(String), (String), (String), (String), (String), (String), null, (String)
2021-07-14 17:03:33.468 DEBUG 11564 --- [http-nio-8080-exec-7] c.s.s.mapper.CustomMapper.addAddress     : <==    Updates: 1
2021-07-14 17:03:33.477  INFO 11564 --- [http-nio-8080-exec-1] c.shi.springbatch.controller.RestClient  : restclient ...Address [customerPhone=5559998888, addressType=S, addressLine1=11 Main Road, addressLine2=, city=Danbury, stateCode=CT, zipcode=7067, zipplus4=0354, addressType2=, addressLine12=, addressLine22=, city2=, stateCode2=, zipcode2=null, zipplus42=]
2021-07-14 17:03:36.146  INFO 11564 --- [http-nio-8080-exec-1] o.s.batch.core.step.AbstractStep         : Step: [step2] executed in 9s465ms
2021-07-14 17:03:40.607  INFO 11564 --- [http-nio-8080-exec-1] o.s.b.c.l.support.SimpleJobLauncher      : Job: [SimpleJob: [name=importUserJob]] completed with the following parameters: [{time=1626262365608}] and the following status: [COMPLETED] in 43s555ms
2021-07-14 17:03:40.608  INFO 11564 --- [http-nio-8080-exec-1] c.s.s.controller.BatchLoadController     : JobExecution: COMPLETED
2021-07-14 17:03:40.609  INFO 11564 --- [http-nio-8080-exec-1] c.s.s.controller.BatchLoadController     : Batch is running .
2021-07-14 17:04:23.611  INFO 11564 --- [RMI TCP Connection(2)-172.28.99.168] inMXBeanRegistrar$SpringApplicationAdmin : Application shutdown requested.
2021-07-14 17:04:24.009  INFO 11564 --- [RMI TCP Connection(2)-172.28.99.168] o.s.s.concurrent.ThreadPoolTaskExecutor  : Shutting down ExecutorService 'applicationTaskExecutor'
2021-07-14 17:04:24.013  INFO 11564 --- [RMI TCP Connection(2)-172.28.99.168] com.zaxxer.hikari.HikariDataSource       : HikariPool-1 - Shutdown initiated...
2021-07-14 17:04:24.030  INFO 11564 --- [RMI TCP Connection(2)-172.28.99.168] com.zaxxer.hikari.HikariDataSource       : HikariPool-1 - Shutdown completed.
